<?xml version="1.0" encoding="UTF-8"?>
<!-- Generated by org.testng.reporters.JUnitXMLReporter -->
<testsuite hostname="DESKTOP-TUFTEPN" ignored="0" name="Test" tests="1" failures="0" timestamp="12 Aug 2021 09:55:35 GMT" time="0.043" errors="0">
  <testcase name="@BeforeSuite setUp" time="0.015" classname="com.au.base.TestBase">
    <failure type="java.lang.NullPointerException">
      <![CDATA[java.lang.NullPointerException
	at com.au.base.TestBase.setUp(TestBase.java:24)
... Removed 19 stack frames]]>
    </failure>
  </testcase> <!-- @BeforeSuite setUp -->
  <testcase name="login" time="0.001" classname="com.au.testcases.LoginTest">
    <skipped/>
  </testcase> <!-- login -->
</testsuite> <!-- Test -->
