<?xml version="1.0" encoding="UTF-8"?>
<testng-results skipped="0" failed="0" ignored="0" total="1" passed="1">
  <reporter-output>
  </reporter-output>
  <suite name="Default suite" duration-ms="4652" started-at="2021-08-12T11:53:48Z" finished-at="2021-08-12T11:53:53Z">
    <groups>
    </groups>
    <test name="Default test" duration-ms="4652" started-at="2021-08-12T11:53:48Z" finished-at="2021-08-12T11:53:53Z">
      <class name="com.au.testcases.LoginTest">
        <test-method status="PASS" signature="setUp()[pri:0, instance:com.au.testcases.LoginTest@5383967b]" name="setUp" is-config="true" duration-ms="10348" started-at="2021-08-12T17:23:38Z" finished-at="2021-08-12T17:23:48Z">
          <reporter-output>
          </reporter-output>
        </test-method> <!-- setUp -->
        <test-method status="PASS" signature="login()[pri:0, instance:com.au.testcases.LoginTest@5383967b]" name="login" duration-ms="4615" started-at="2021-08-12T17:23:48Z" finished-at="2021-08-12T17:23:53Z">
          <reporter-output>
          </reporter-output>
        </test-method> <!-- login -->
        <test-method status="PASS" signature="tearDown()[pri:0, instance:com.au.testcases.LoginTest@5383967b]" name="tearDown" is-config="true" duration-ms="1034" started-at="2021-08-12T17:23:53Z" finished-at="2021-08-12T17:23:54Z">
          <reporter-output>
          </reporter-output>
        </test-method> <!-- tearDown -->
      </class> <!-- com.au.testcases.LoginTest -->
    </test> <!-- Default test -->
  </suite> <!-- Default suite -->
</testng-results>
